<?xml version="1.0" encoding="utf-8" standalone="no"?>
<test-run id="2" testcasecount="3" result="Failed" total="3" passed="1" failed="2" inconclusive="0" skipped="0" asserts="1" engine-version="3.9.0.0" clr-version="4.0.30319.42000" start-time="2018-11-14 12:20:52Z" end-time="2018-11-14 12:20:53Z" duration="0.965197">
  <command-line><![CDATA[nunit3-console.exe  E:\project\DigiSignals\Jenkins\NUnitSolution\CustomerOrderService.Tests\bin\Debug\CustomerOrderService.Tests.dll]]></command-line>
  <test-suite type="Assembly" id="0-1005" name="CustomerOrderService.Tests.dll" fullname="CustomerOrderService.Tests.dll" runstate="Runnable" testcasecount="3" result="Failed" site="Child" start-time="2018-11-14 12:20:53Z" end-time="2018-11-14 12:20:53Z" duration="0.108558" total="3" passed="1" failed="2" warnings="0" inconclusive="0" skipped="0" asserts="1">
    <environment framework-version="3.11.0.0" clr-version="4.0.30319.42000" os-version="Microsoft Windows NT 10.0.10586.0" platform="Win32NT" cwd="C:\Program Files (x86)\NUnit.org\nunit-console" machine-name="AARTI-LAPTOP" user="SYSTEM" user-domain="WORKGROUP" culture="en-GB" uiculture="en-GB" os-architecture="x64" />
    <settings>
      <setting name="DisposeRunners" value="True" />
      <setting name="WorkDirectory" value="C:\Program Files (x86)\NUnit.org\nunit-console" />
      <setting name="ImageRuntimeVersion" value="4.0.30319" />
      <setting name="ImageTargetFrameworkName" value=".NETFramework,Version=v4.6" />
      <setting name="ImageRequiresX86" value="False" />
      <setting name="ImageRequiresDefaultAppDomainAssemblyResolver" value="False" />
      <setting name="NumberOfTestWorkers" value="4" />
    </settings>
    <properties>
      <property name="_PID" value="14716" />
      <property name="_APPDOMAIN" value="domain-" />
    </properties>
    <failure>
      <message><![CDATA[One or more child tests had errors]]></message>
    </failure>
    <test-suite type="TestSuite" id="0-1006" name="CustomerOrderService" fullname="CustomerOrderService" runstate="Runnable" testcasecount="3" result="Failed" site="Child" start-time="2018-11-14 12:20:53Z" end-time="2018-11-14 12:20:53Z" duration="0.082331" total="3" passed="1" failed="2" warnings="0" inconclusive="0" skipped="0" asserts="1">
      <failure>
        <message><![CDATA[One or more child tests had errors]]></message>
      </failure>
      <test-suite type="TestSuite" id="0-1007" name="Tests" fullname="CustomerOrderService.Tests" runstate="Runnable" testcasecount="3" result="Failed" site="Child" start-time="2018-11-14 12:20:53Z" end-time="2018-11-14 12:20:53Z" duration="0.081603" total="3" passed="1" failed="2" warnings="0" inconclusive="0" skipped="0" asserts="1">
        <failure>
          <message><![CDATA[One or more child tests had errors]]></message>
        </failure>
        <test-suite type="TestFixture" id="0-1000" name="Class1" fullname="CustomerOrderService.Tests.Class1" classname="CustomerOrderService.Tests.Class1" runstate="Runnable" testcasecount="1" result="Passed" start-time="2018-11-14 12:20:53Z" end-time="2018-11-14 12:20:53Z" duration="0.021734" total="1" passed="1" failed="0" warnings="0" inconclusive="0" skipped="0" asserts="1">
          <test-case id="0-1001" name="Test1" fullname="CustomerOrderService.Tests.Class1.Test1" methodname="Test1" classname="CustomerOrderService.Tests.Class1" runstate="Runnable" seed="1148582456" result="Passed" start-time="2018-11-14 12:20:53Z" end-time="2018-11-14 12:20:53Z" duration="0.009642" asserts="1" />
        </test-suite>
        <test-suite type="TestFixture" id="0-1002" name="CustomerOrderServiceTests" fullname="CustomerOrderService.Tests.CustomerOrderServiceTests" classname="CustomerOrderService.Tests.CustomerOrderServiceTests" runstate="Runnable" testcasecount="2" result="Failed" site="Child" start-time="2018-11-14 12:20:53Z" end-time="2018-11-14 12:20:53Z" duration="0.052503" total="2" passed="0" failed="2" warnings="0" inconclusive="0" skipped="0" asserts="0">
          <failure>
            <message><![CDATA[One or more child tests had errors]]></message>
          </failure>
          <test-case id="0-1003" name="When_PremiumCustomer_Expect_10PercentDiscount" fullname="CustomerOrderService.Tests.CustomerOrderServiceTests.When_PremiumCustomer_Expect_10PercentDiscount" methodname="When_PremiumCustomer_Expect_10PercentDiscount" classname="CustomerOrderService.Tests.CustomerOrderServiceTests" runstate="Runnable" seed="1065002229" result="Failed" start-time="2018-11-14 12:20:53Z" end-time="2018-11-14 12:20:53Z" duration="0.049405" asserts="0">
            <properties>
              <property name="Category" value="Discount10" />
            </properties>
            <failure>
              <message><![CDATA[The test is passed.]]></message>
              <stack-trace><![CDATA[   at CustomerOrderService.Tests.CustomerOrderServiceTests.When_PremiumCustomer_Expect_10PercentDiscount() in E:\Projects\Study\Demo\NUnitSolution\CustomerOrderService.Tests\CustomerOrderServiceTests.cs:line 44
]]></stack-trace>
            </failure>
            <assertions>
              <assertion result="Failed">
                <message><![CDATA[The test is passed.]]></message>
                <stack-trace><![CDATA[   at CustomerOrderService.Tests.CustomerOrderServiceTests.When_PremiumCustomer_Expect_10PercentDiscount() in E:\Projects\Study\Demo\NUnitSolution\CustomerOrderService.Tests\CustomerOrderServiceTests.cs:line 44
]]></stack-trace>
              </assertion>
            </assertions>
          </test-case>
          <test-case id="0-1004" name="When_PremiumCustomer_Expect_20PercentDiscount" fullname="CustomerOrderService.Tests.CustomerOrderServiceTests.When_PremiumCustomer_Expect_20PercentDiscount" methodname="When_PremiumCustomer_Expect_20PercentDiscount" classname="CustomerOrderService.Tests.CustomerOrderServiceTests" runstate="Runnable" seed="484276323" result="Failed" start-time="2018-11-14 12:20:53Z" end-time="2018-11-14 12:20:53Z" duration="0.002862" asserts="0">
            <properties>
              <property name="Category" value="Discount20" />
            </properties>
            <failure>
              <message><![CDATA[The test is failed]]></message>
              <stack-trace><![CDATA[   at CustomerOrderService.Tests.CustomerOrderServiceTests.When_PremiumCustomer_Expect_20PercentDiscount() in E:\Projects\Study\Demo\NUnitSolution\CustomerOrderService.Tests\CustomerOrderServiceTests.cs:line 83
]]></stack-trace>
            </failure>
            <assertions>
              <assertion result="Failed">
                <message><![CDATA[The test is failed]]></message>
                <stack-trace><![CDATA[   at CustomerOrderService.Tests.CustomerOrderServiceTests.When_PremiumCustomer_Expect_20PercentDiscount() in E:\Projects\Study\Demo\NUnitSolution\CustomerOrderService.Tests\CustomerOrderServiceTests.cs:line 83
]]></stack-trace>
              </assertion>
            </assertions>
          </test-case>
        </test-suite>
      </test-suite>
    </test-suite>
  </test-suite>
</test-run>
